[0.025s] Invoking command in '/root/STAD_mw/uav_cpp/aruco_tracker/build/aruco_tracker': CMAKE_PREFIX_PATH=/opt/ros/humble /usr/bin/cmake /root/STAD_mw/uav_cpp/aruco_tracker -DCMAKE_INSTALL_PREFIX=/root/STAD_mw/uav_cpp/aruco_tracker/install/aruco_tracker
[0.337s] -- The C compiler identification is GNU 11.4.0
[0.522s] -- The CXX compiler identification is GNU 11.4.0
[0.543s] -- Detecting C compiler ABI info
[0.648s] -- Detecting C compiler ABI info - done
[0.660s] -- Check for working C compiler: /usr/bin/cc - skipped
[0.661s] -- Detecting C compile features
[0.662s] -- Detecting C compile features - done
[0.669s] -- Detecting CXX compiler ABI info
[0.773s] -- Detecting CXX compiler ABI info - done
[0.786s] -- Check for working CXX compiler: /usr/bin/c++ - skipped
[0.786s] -- Detecting CXX compile features
[0.787s] -- Detecting CXX compile features - done
[0.800s] -- Found eigen3_cmake_module: 0.1.1 (/opt/ros/humble/share/eigen3_cmake_module/cmake)
[0.877s] -- Found Eigen3: TRUE (found version "3.4.0") 
[0.891s] -- Found ament_cmake: 1.3.10 (/opt/ros/humble/share/ament_cmake/cmake)
[1.367s] -- Found Python3: /usr/bin/python3 (found version "3.10.12") found components: Interpreter 
[1.549s] -- Found rclcpp: 16.0.10 (/opt/ros/humble/share/rclcpp/cmake)
[1.697s] -- Found rosidl_generator_c: 3.1.5 (/opt/ros/humble/share/rosidl_generator_c/cmake)
[1.710s] -- Found rosidl_adapter: 3.1.5 (/opt/ros/humble/share/rosidl_adapter/cmake)
[1.738s] -- Found rosidl_generator_cpp: 3.1.5 (/opt/ros/humble/share/rosidl_generator_cpp/cmake)
[1.782s] -- Using all available rosidl_typesupport_c: rosidl_typesupport_fastrtps_c;rosidl_typesupport_introspection_c
[1.828s] -- Using all available rosidl_typesupport_cpp: rosidl_typesupport_fastrtps_cpp;rosidl_typesupport_introspection_cpp
[1.970s] -- Found rmw_implementation_cmake: 6.1.2 (/opt/ros/humble/share/rmw_implementation_cmake/cmake)
[1.980s] -- Found rmw_fastrtps_cpp: 6.2.7 (/opt/ros/humble/share/rmw_fastrtps_cpp/cmake)
[2.172s] -- Found OpenSSL: /usr/lib/x86_64-linux-gnu/libcrypto.so (found version "3.0.2")  
[2.224s] -- Found FastRTPS: /opt/ros/humble/include  
[2.299s] -- Using RMW implementation 'rmw_fastrtps_cpp' as default
[2.324s] -- Looking for pthread.h
[2.438s] -- Looking for pthread.h - found
[2.438s] -- Performing Test CMAKE_HAVE_LIBC_PTHREAD
[2.521s] -- Performing Test CMAKE_HAVE_LIBC_PTHREAD - Success
[2.523s] -- Found Threads: TRUE  
[2.709s] [31mCMake Error at CMakeLists.txt:11 (find_package):
[2.709s]   By not providing "Findpx4_msgs.cmake" in CMAKE_MODULE_PATH this project has
[2.709s]   asked CMake to find a package configuration file provided by "px4_msgs",
[2.709s]   but CMake did not find one.
[2.710s] 
[2.710s]   Could not find a package configuration file provided by "px4_msgs" with any
[2.710s]   of the following names:
[2.710s] 
[2.710s]     px4_msgsConfig.cmake
[2.710s]     px4_msgs-config.cmake
[2.710s] 
[2.710s]   Add the installation prefix of "px4_msgs" to CMAKE_PREFIX_PATH or set
[2.710s]   "px4_msgs_DIR" to a directory containing one of the above files.  If
[2.710s]   "px4_msgs" provides a separate development package or SDK, be sure it has
[2.711s]   been installed.
[2.711s] 
[2.711s] [0m
[2.711s] -- Configuring incomplete, errors occurred!
[2.711s] See also "/root/STAD_mw/uav_cpp/aruco_tracker/build/aruco_tracker/CMakeFiles/CMakeOutput.log".
[2.720s] Invoked command in '/root/STAD_mw/uav_cpp/aruco_tracker/build/aruco_tracker' returned '1': CMAKE_PREFIX_PATH=/opt/ros/humble /usr/bin/cmake /root/STAD_mw/uav_cpp/aruco_tracker -DCMAKE_INSTALL_PREFIX=/root/STAD_mw/uav_cpp/aruco_tracker/install/aruco_tracker
