-- The C compiler identification is GNU 11.4.0
-- The CXX compiler identification is GNU 11.4.0
-- Detecting C compiler ABI info
-- Detecting C compiler ABI info - done
-- Check for working C compiler: /usr/bin/cc - skipped
-- Detecting C compile features
-- Detecting C compile features - done
-- Detecting CXX compiler ABI info
-- Detecting CXX compiler ABI info - done
-- Check for working CXX compiler: /usr/bin/c++ - skipped
-- Detecting CXX compile features
-- Detecting CXX compile features - done
-- Found ament_cmake: 1.3.10 (/opt/ros/humble/share/ament_cmake/cmake)
-- Found Python3: /usr/bin/python3 (found version "3.10.12") found components: Interpreter 
-- Found builtin_interfaces: 1.2.1 (/opt/ros/humble/share/builtin_interfaces/cmake)
-- Found rosidl_generator_c: 3.1.5 (/opt/ros/humble/share/rosidl_generator_c/cmake)
-- Found rosidl_adapter: 3.1.5 (/opt/ros/humble/share/rosidl_adapter/cmake)
-- Found rosidl_generator_cpp: 3.1.5 (/opt/ros/humble/share/rosidl_generator_cpp/cmake)
-- Using all available rosidl_typesupport_c: rosidl_typesupport_fastrtps_c;rosidl_typesupport_introspection_c
-- Using all available rosidl_typesupport_cpp: rosidl_typesupport_fastrtps_cpp;rosidl_typesupport_introspection_cpp
-- Found rclcpp: 16.0.10 (/opt/ros/humble/share/rclcpp/cmake)
-- Found rmw_implementation_cmake: 6.1.2 (/opt/ros/humble/share/rmw_implementation_cmake/cmake)
-- Found rmw_fastrtps_cpp: 6.2.7 (/opt/ros/humble/share/rmw_fastrtps_cpp/cmake)
-- Found OpenSSL: /usr/lib/x86_64-linux-gnu/libcrypto.so (found version "3.0.2")  
-- Found FastRTPS: /opt/ros/humble/include  
-- Using RMW implementation 'rmw_fastrtps_cpp' as default
-- Looking for pthread.h
-- Looking for pthread.h - found
-- Performing Test CMAKE_HAVE_LIBC_PTHREAD
-- Performing Test CMAKE_HAVE_LIBC_PTHREAD - Success
-- Found Threads: TRUE  
-- Found ament_lint_auto: 0.12.11 (/opt/ros/humble/share/ament_lint_auto/cmake)
-- Added test 'copyright' to check source files copyright and LICENSE
-- Added test 'cppcheck' to perform static code analysis on C / C++ code
-- Configured cppcheck include dirs: 
-- Configured cppcheck exclude dirs and/or files: 
-- Added test 'cpplint' to check C / C++ code against the Google style
-- Configured cpplint exclude dirs and/or files: 
-- Added test 'lint_cmake' to check CMake code style
-- Added test 'uncrustify' to check C / C++ code style
-- Configured uncrustify additional arguments: 
-- Added test 'xmllint' to check XML markup files
-- Configuring done
-- Generating done
-- Build files have been written to: /root/STAD_mw/uav_cpp/build/uav_cpp
[ 66%] [32mBuilding CXX object CMakeFiles/uav_main.dir/src/uav_main/main.cpp.o[0m
[ 66%] [32mBuilding CXX object CMakeFiles/uav_main.dir/src/uav_main/PID.cpp.o[0m
[01m[K/root/STAD_mw/uav_cpp/src/uav_main/main.cpp:[m[K In function ‘[01m[Kbool offb_ctrl_pos_global(mavsdk::Offboard&, mavsdk::Telemetry&)[m[K’:
[01m[K/root/STAD_mw/uav_cpp/src/uav_main/main.cpp:164:22:[m[K [01;35m[Kwarning: [m[Kunused variable ‘[01m[Koffboard_result[m[K’ [[01;35m[K-Wunused-variable[m[K]
  164 |     Offboard::Result [01;35m[Koffboard_result[m[K = offboard.start();
      |                      [01;35m[K^~~~~~~~~~~~~~~[m[K
[01m[K/root/STAD_mw/uav_cpp/src/uav_main/main.cpp:43:8:[m[K [01;35m[Kwarning: [m[Kunused variable ‘[01m[Ktarget_z[m[K’ [[01;35m[K-Wunused-variable[m[K]
   43 | double [01;35m[Ktarget_z[m[K = 0;
      |        [01;35m[K^~~~~~~~[m[K
[01m[K/root/STAD_mw/uav_cpp/src/uav_main/main.cpp:96:16:[m[K [01;35m[Kwarning: [m[Kunused variable ‘[01m[Kcurrent_x[m[K’ [[01;35m[K-Wunused-variable[m[K]
   96 |         double [01;35m[Kcurrent_x[m[K = X;
      |                [01;35m[K^~~~~~~~~[m[K
[01m[K/root/STAD_mw/uav_cpp/src/uav_main/main.cpp:97:16:[m[K [01;35m[Kwarning: [m[Kunused variable ‘[01m[Kcurrent_y[m[K’ [[01;35m[K-Wunused-variable[m[K]
   97 |         double [01;35m[Kcurrent_y[m[K = Y;
      |                [01;35m[K^~~~~~~~~[m[K
[01m[K/root/STAD_mw/uav_cpp/src/uav_main/main.cpp:[m[K In function ‘[01m[Kvoid command_callback(std_msgs::msg::Int32_<std::allocator<void> >::SharedPtr)[m[K’:
[01m[K/root/STAD_mw/uav_cpp/src/uav_main/main.cpp:194:30:[m[K [01;35m[Kwarning: [m[Kunused variable ‘[01m[Kconnection_result[m[K’ [[01;35m[K-Wunused-variable[m[K]
  194 |             ConnectionResult [01;35m[Kconnection_result[m[K = mavsdk.add_any_connection("udp://:14540");
      |                              [01;35m[K^~~~~~~~~~~~~~~~~[m[K
[100%] [32m[1mLinking CXX executable uav_main[0m
[100%] Built target uav_main
-- Install configuration: ""
-- Installing: /root/STAD_mw/uav_cpp/install/uav_cpp/lib/uav_cpp/uav_main
-- Set runtime path of "/root/STAD_mw/uav_cpp/install/uav_cpp/lib/uav_cpp/uav_main" to ""
-- Installing: /root/STAD_mw/uav_cpp/install/uav_cpp/share/ament_index/resource_index/package_run_dependencies/uav_cpp
-- Installing: /root/STAD_mw/uav_cpp/install/uav_cpp/share/ament_index/resource_index/parent_prefix_path/uav_cpp
-- Installing: /root/STAD_mw/uav_cpp/install/uav_cpp/share/uav_cpp/environment/ament_prefix_path.sh
-- Installing: /root/STAD_mw/uav_cpp/install/uav_cpp/share/uav_cpp/environment/ament_prefix_path.dsv
-- Installing: /root/STAD_mw/uav_cpp/install/uav_cpp/share/uav_cpp/environment/path.sh
-- Installing: /root/STAD_mw/uav_cpp/install/uav_cpp/share/uav_cpp/environment/path.dsv
-- Installing: /root/STAD_mw/uav_cpp/install/uav_cpp/share/uav_cpp/local_setup.bash
-- Installing: /root/STAD_mw/uav_cpp/install/uav_cpp/share/uav_cpp/local_setup.sh
-- Installing: /root/STAD_mw/uav_cpp/install/uav_cpp/share/uav_cpp/local_setup.zsh
-- Installing: /root/STAD_mw/uav_cpp/install/uav_cpp/share/uav_cpp/local_setup.dsv
-- Installing: /root/STAD_mw/uav_cpp/install/uav_cpp/share/uav_cpp/package.dsv
-- Installing: /root/STAD_mw/uav_cpp/install/uav_cpp/share/ament_index/resource_index/packages/uav_cpp
-- Installing: /root/STAD_mw/uav_cpp/install/uav_cpp/share/uav_cpp/cmake/ament_cmake_export_dependencies-extras.cmake
-- Installing: /root/STAD_mw/uav_cpp/install/uav_cpp/share/uav_cpp/cmake/uav_cppConfig.cmake
-- Installing: /root/STAD_mw/uav_cpp/install/uav_cpp/share/uav_cpp/cmake/uav_cppConfig-version.cmake
-- Installing: /root/STAD_mw/uav_cpp/install/uav_cpp/share/uav_cpp/package.xml
