[0.524s] DEBUG:colcon:Command line arguments: ['/usr/bin/colcon', 'build']
[0.524s] DEBUG:colcon:Parsed command line arguments: Namespace(log_base=None, log_level=None, verb_name='build', build_base='build', install_base='install', merge_install=False, symlink_install=False, test_result_base=None, continue_on_error=False, executor='parallel', parallel_workers=8, event_handlers=None, ignore_user_meta=False, metas=['./colcon.meta'], base_paths=['.'], packages_ignore=None, packages_ignore_regex=None, paths=None, packages_up_to=None, packages_up_to_regex=None, packages_above=None, packages_above_and_dependencies=None, packages_above_depth=None, packages_select_by_dep=None, packages_skip_by_dep=None, packages_skip_up_to=None, packages_select_build_failed=False, packages_skip_build_finished=False, packages_select_test_failures=False, packages_skip_test_passed=False, packages_select=None, packages_skip=None, packages_select_regex=None, packages_skip_regex=None, packages_start=None, packages_end=None, allow_overriding=[], cmake_args=None, cmake_target=None, cmake_target_skip_unavailable=False, cmake_clean_cache=False, cmake_clean_first=False, cmake_force_configure=False, ament_cmake_args=None, catkin_cmake_args=None, catkin_skip_building_tests=False, mixin_files=None, mixin=None, verb_parser=<colcon_mixin.mixin.mixin_argument.MixinArgumentDecorator object at 0x7f20692ea680>, verb_extension=<colcon_core.verb.build.BuildVerb object at 0x7f20692ea110>, main=<bound method BuildVerb.main of <colcon_core.verb.build.BuildVerb object at 0x7f20692ea110>>, mixin_verb=('build',))
[0.682s] Level 1:colcon.colcon_core.package_discovery:discover_packages(colcon_meta) check parameters
[0.682s] Level 1:colcon.colcon_core.package_discovery:discover_packages(recursive) check parameters
[0.683s] Level 1:colcon.colcon_core.package_discovery:discover_packages(ignore) check parameters
[0.683s] Level 1:colcon.colcon_core.package_discovery:discover_packages(path) check parameters
[0.683s] Level 1:colcon.colcon_core.package_discovery:discover_packages(colcon_meta) discover
[0.683s] Level 1:colcon.colcon_core.package_discovery:discover_packages(recursive) discover
[0.683s] INFO:colcon.colcon_core.package_discovery:Crawling recursively for packages in '/root/STAD_mw/uav_cpp/aruco_tracker'
[0.683s] Level 1:colcon.colcon_core.package_identification:_identify(.) by extensions ['ignore', 'ignore_ament_install']
[0.683s] Level 1:colcon.colcon_core.package_identification:_identify(.) by extension 'ignore'
[0.683s] Level 1:colcon.colcon_core.package_identification:_identify(.) by extension 'ignore_ament_install'
[0.683s] Level 1:colcon.colcon_core.package_identification:_identify(.) by extensions ['colcon_pkg']
[0.683s] Level 1:colcon.colcon_core.package_identification:_identify(.) by extension 'colcon_pkg'
[0.683s] Level 1:colcon.colcon_core.package_identification:_identify(.) by extensions ['colcon_meta']
[0.683s] Level 1:colcon.colcon_core.package_identification:_identify(.) by extension 'colcon_meta'
[0.683s] Level 1:colcon.colcon_core.package_identification:_identify(.) by extensions ['ros']
[0.683s] Level 1:colcon.colcon_core.package_identification:_identify(.) by extension 'ros'
[0.728s] DEBUG:colcon.colcon_core.package_identification:Package '.' with type 'ros.ament_cmake' and name 'aruco_tracker'
[0.728s] Level 1:colcon.colcon_core.package_discovery:discover_packages(recursive) using defaults
[0.728s] Level 1:colcon.colcon_core.package_discovery:discover_packages(ignore) discover
[0.728s] Level 1:colcon.colcon_core.package_discovery:discover_packages(ignore) using defaults
[0.728s] Level 1:colcon.colcon_core.package_discovery:discover_packages(path) discover
[0.728s] Level 1:colcon.colcon_core.package_discovery:discover_packages(path) using defaults
[0.784s] Level 1:colcon.colcon_core.package_discovery:discover_packages(prefix_path) check parameters
[0.784s] Level 1:colcon.colcon_core.package_discovery:discover_packages(prefix_path) discover
[0.800s] DEBUG:colcon.colcon_installed_package_information.package_discovery:Found 274 installed packages in /opt/ros/humble
[0.803s] Level 1:colcon.colcon_core.package_discovery:discover_packages(prefix_path) using defaults
[1.029s] Level 5:colcon.colcon_core.verb:set package 'aruco_tracker' build argument 'cmake_args' from command line to 'None'
[1.029s] Level 5:colcon.colcon_core.verb:set package 'aruco_tracker' build argument 'cmake_target' from command line to 'None'
[1.029s] Level 5:colcon.colcon_core.verb:set package 'aruco_tracker' build argument 'cmake_target_skip_unavailable' from command line to 'False'
[1.029s] Level 5:colcon.colcon_core.verb:set package 'aruco_tracker' build argument 'cmake_clean_cache' from command line to 'False'
[1.029s] Level 5:colcon.colcon_core.verb:set package 'aruco_tracker' build argument 'cmake_clean_first' from command line to 'False'
[1.029s] Level 5:colcon.colcon_core.verb:set package 'aruco_tracker' build argument 'cmake_force_configure' from command line to 'False'
[1.029s] Level 5:colcon.colcon_core.verb:set package 'aruco_tracker' build argument 'ament_cmake_args' from command line to 'None'
[1.029s] Level 5:colcon.colcon_core.verb:set package 'aruco_tracker' build argument 'catkin_cmake_args' from command line to 'None'
[1.029s] Level 5:colcon.colcon_core.verb:set package 'aruco_tracker' build argument 'catkin_skip_building_tests' from command line to 'False'
[1.029s] DEBUG:colcon.colcon_core.verb:Building package 'aruco_tracker' with the following arguments: {'ament_cmake_args': None, 'build_base': '/root/STAD_mw/uav_cpp/aruco_tracker/build/aruco_tracker', 'catkin_cmake_args': None, 'catkin_skip_building_tests': False, 'cmake_args': None, 'cmake_clean_cache': False, 'cmake_clean_first': False, 'cmake_force_configure': False, 'cmake_target': None, 'cmake_target_skip_unavailable': False, 'install_base': '/root/STAD_mw/uav_cpp/aruco_tracker/install/aruco_tracker', 'merge_install': False, 'path': '/root/STAD_mw/uav_cpp/aruco_tracker', 'symlink_install': False, 'test_result_base': None}
[1.029s] INFO:colcon.colcon_core.executor:Executing jobs using 'parallel' executor
[1.031s] DEBUG:colcon.colcon_parallel_executor.executor.parallel:run_until_complete
[1.031s] INFO:colcon.colcon_ros.task.ament_cmake.build:Building ROS package in '/root/STAD_mw/uav_cpp/aruco_tracker' with build type 'ament_cmake'
[1.031s] INFO:colcon.colcon_cmake.task.cmake.build:Building CMake package in '/root/STAD_mw/uav_cpp/aruco_tracker'
[1.044s] INFO:colcon.colcon_core.plugin_system:Skipping extension 'colcon_core.shell.bat': Not used on non-Windows systems
[1.044s] INFO:colcon.colcon_core.shell:Skip shell extension 'powershell' for command environment: Not usable outside of PowerShell
[1.044s] DEBUG:colcon.colcon_core.shell:Skip shell extension 'dsv' for command environment
[1.057s] DEBUG:colcon.colcon_core.event_handler.log_command:Invoking command in '/root/STAD_mw/uav_cpp/aruco_tracker/build/aruco_tracker': CMAKE_PREFIX_PATH=/opt/ros/humble /usr/bin/cmake /root/STAD_mw/uav_cpp/aruco_tracker -DCMAKE_INSTALL_PREFIX=/root/STAD_mw/uav_cpp/aruco_tracker/install/aruco_tracker
[3.753s] DEBUG:colcon.colcon_core.event_handler.log_command:Invoked command in '/root/STAD_mw/uav_cpp/aruco_tracker/build/aruco_tracker' returned '1': CMAKE_PREFIX_PATH=/opt/ros/humble /usr/bin/cmake /root/STAD_mw/uav_cpp/aruco_tracker -DCMAKE_INSTALL_PREFIX=/root/STAD_mw/uav_cpp/aruco_tracker/install/aruco_tracker
[3.766s] Level 1:colcon.colcon_core.environment:create_environment_scripts_only(aruco_tracker)
[3.782s] Level 1:colcon.colcon_core.environment:checking '/root/STAD_mw/uav_cpp/aruco_tracker/install/aruco_tracker' for CMake module files
[3.783s] Level 1:colcon.colcon_core.environment:checking '/root/STAD_mw/uav_cpp/aruco_tracker/install/aruco_tracker' for CMake config files
[3.783s] Level 1:colcon.colcon_core.environment:checking '/root/STAD_mw/uav_cpp/aruco_tracker/install/aruco_tracker/bin'
[3.783s] Level 1:colcon.colcon_core.environment:checking '/root/STAD_mw/uav_cpp/aruco_tracker/install/aruco_tracker/lib/pkgconfig/aruco_tracker.pc'
[3.783s] Level 1:colcon.colcon_core.environment:checking '/root/STAD_mw/uav_cpp/aruco_tracker/install/aruco_tracker/lib/python3.10/site-packages'
[3.784s] Level 1:colcon.colcon_core.environment:checking '/root/STAD_mw/uav_cpp/aruco_tracker/install/aruco_tracker/bin'
[3.784s] INFO:colcon.colcon_core.shell:Creating package script '/root/STAD_mw/uav_cpp/aruco_tracker/install/aruco_tracker/share/aruco_tracker/package.ps1'
[3.786s] INFO:colcon.colcon_core.shell:Creating package descriptor '/root/STAD_mw/uav_cpp/aruco_tracker/install/aruco_tracker/share/aruco_tracker/package.dsv'
[3.787s] INFO:colcon.colcon_core.shell:Creating package script '/root/STAD_mw/uav_cpp/aruco_tracker/install/aruco_tracker/share/aruco_tracker/package.sh'
[3.788s] INFO:colcon.colcon_core.shell:Creating package script '/root/STAD_mw/uav_cpp/aruco_tracker/install/aruco_tracker/share/aruco_tracker/package.bash'
[3.790s] INFO:colcon.colcon_core.shell:Creating package script '/root/STAD_mw/uav_cpp/aruco_tracker/install/aruco_tracker/share/aruco_tracker/package.zsh'
[3.791s] Level 1:colcon.colcon_core.environment:create_file_with_runtime_dependencies(/root/STAD_mw/uav_cpp/aruco_tracker/install/aruco_tracker/share/colcon-core/packages/aruco_tracker)
[3.802s] DEBUG:colcon.colcon_parallel_executor.executor.parallel:closing loop
[3.802s] DEBUG:colcon.colcon_parallel_executor.executor.parallel:loop closed
[3.802s] DEBUG:colcon.colcon_parallel_executor.executor.parallel:run_until_complete finished with '1'
[3.802s] DEBUG:colcon.colcon_core.event_reactor:joining thread
[3.838s] INFO:colcon.colcon_core.plugin_system:Skipping extension 'colcon_notification.desktop_notification.notify_send': Could not find 'notify-send'
[3.839s] INFO:colcon.colcon_core.plugin_system:Skipping extension 'colcon_notification.desktop_notification.terminal_notifier': Not used on non-Darwin systems
[3.839s] INFO:colcon.colcon_core.plugin_system:Skipping extension 'colcon_notification.desktop_notification.win32': Not used on non-Windows systems
[3.839s] INFO:colcon.colcon_notification.desktop_notification:Sending desktop notification using 'notify2'
[3.842s] DEBUG:colcon.colcon_notification.desktop_notification.notify2:Failed to initialize notify2: org.freedesktop.DBus.Error.Spawn.ExecFailed: /usr/bin/dbus-launch terminated abnormally without any error message
[3.842s] DEBUG:colcon.colcon_core.event_reactor:joined thread
[3.843s] INFO:colcon.colcon_core.shell:Creating prefix script '/root/STAD_mw/uav_cpp/aruco_tracker/install/local_setup.ps1'
[3.845s] INFO:colcon.colcon_core.shell:Creating prefix util module '/root/STAD_mw/uav_cpp/aruco_tracker/install/_local_setup_util_ps1.py'
[3.849s] INFO:colcon.colcon_core.shell:Creating prefix chain script '/root/STAD_mw/uav_cpp/aruco_tracker/install/setup.ps1'
[3.850s] INFO:colcon.colcon_core.shell:Creating prefix script '/root/STAD_mw/uav_cpp/aruco_tracker/install/local_setup.sh'
[3.852s] INFO:colcon.colcon_core.shell:Creating prefix util module '/root/STAD_mw/uav_cpp/aruco_tracker/install/_local_setup_util_sh.py'
[3.853s] INFO:colcon.colcon_core.shell:Creating prefix chain script '/root/STAD_mw/uav_cpp/aruco_tracker/install/setup.sh'
[3.856s] INFO:colcon.colcon_core.shell:Creating prefix script '/root/STAD_mw/uav_cpp/aruco_tracker/install/local_setup.bash'
[3.857s] INFO:colcon.colcon_core.shell:Creating prefix chain script '/root/STAD_mw/uav_cpp/aruco_tracker/install/setup.bash'
[3.860s] INFO:colcon.colcon_core.shell:Creating prefix script '/root/STAD_mw/uav_cpp/aruco_tracker/install/local_setup.zsh'
[3.861s] INFO:colcon.colcon_core.shell:Creating prefix chain script '/root/STAD_mw/uav_cpp/aruco_tracker/install/setup.zsh'
