[1.080s] DEBUG:colcon:Command line arguments: ['/usr/bin/colcon', 'build']
[1.080s] DEBUG:colcon:Parsed command line arguments: Namespace(log_base=None, log_level=None, verb_name='build', build_base='build', install_base='install', merge_install=False, symlink_install=False, test_result_base=None, continue_on_error=False, executor='parallel', parallel_workers=8, event_handlers=None, ignore_user_meta=False, metas=['./colcon.meta'], base_paths=['.'], packages_ignore=None, packages_ignore_regex=None, paths=None, packages_up_to=None, packages_up_to_regex=None, packages_above=None, packages_above_and_dependencies=None, packages_above_depth=None, packages_select_by_dep=None, packages_skip_by_dep=None, packages_skip_up_to=None, packages_select_build_failed=False, packages_skip_build_finished=False, packages_select_test_failures=False, packages_skip_test_passed=False, packages_select=None, packages_skip=None, packages_select_regex=None, packages_skip_regex=None, packages_start=None, packages_end=None, allow_overriding=[], cmake_args=None, cmake_target=None, cmake_target_skip_unavailable=False, cmake_clean_cache=False, cmake_clean_first=False, cmake_force_configure=False, ament_cmake_args=None, catkin_cmake_args=None, catkin_skip_building_tests=False, mixin_files=None, mixin=None, verb_parser=<colcon_mixin.mixin.mixin_argument.MixinArgumentDecorator object at 0x7f099b64a6b0>, verb_extension=<colcon_core.verb.build.BuildVerb object at 0x7f099b64a140>, main=<bound method BuildVerb.main of <colcon_core.verb.build.BuildVerb object at 0x7f099b64a140>>, mixin_verb=('build',))
[1.432s] Level 1:colcon.colcon_core.package_discovery:discover_packages(colcon_meta) check parameters
[1.432s] Level 1:colcon.colcon_core.package_discovery:discover_packages(recursive) check parameters
[1.432s] Level 1:colcon.colcon_core.package_discovery:discover_packages(ignore) check parameters
[1.433s] Level 1:colcon.colcon_core.package_discovery:discover_packages(path) check parameters
[1.433s] Level 1:colcon.colcon_core.package_discovery:discover_packages(colcon_meta) discover
[1.433s] Level 1:colcon.colcon_core.package_discovery:discover_packages(recursive) discover
[1.433s] INFO:colcon.colcon_core.package_discovery:Crawling recursively for packages in '/root/STAD_mw/uav_cpp'
[1.434s] Level 1:colcon.colcon_core.package_identification:_identify(.) by extensions ['ignore', 'ignore_ament_install']
[1.434s] Level 1:colcon.colcon_core.package_identification:_identify(.) by extension 'ignore'
[1.434s] Level 1:colcon.colcon_core.package_identification:_identify(.) by extension 'ignore_ament_install'
[1.435s] Level 1:colcon.colcon_core.package_identification:_identify(.) by extensions ['colcon_pkg']
[1.435s] Level 1:colcon.colcon_core.package_identification:_identify(.) by extension 'colcon_pkg'
[1.435s] Level 1:colcon.colcon_core.package_identification:_identify(.) by extensions ['colcon_meta']
[1.435s] Level 1:colcon.colcon_core.package_identification:_identify(.) by extension 'colcon_meta'
[1.436s] Level 1:colcon.colcon_core.package_identification:_identify(.) by extensions ['ros']
[1.436s] Level 1:colcon.colcon_core.package_identification:_identify(.) by extension 'ros'
[1.542s] DEBUG:colcon.colcon_core.package_identification:Package '.' with type 'ros.ament_cmake' and name 'uav_cpp'
[1.542s] Level 1:colcon.colcon_core.package_discovery:discover_packages(recursive) using defaults
[1.543s] Level 1:colcon.colcon_core.package_discovery:discover_packages(ignore) discover
[1.543s] Level 1:colcon.colcon_core.package_discovery:discover_packages(ignore) using defaults
[1.543s] Level 1:colcon.colcon_core.package_discovery:discover_packages(path) discover
[1.543s] Level 1:colcon.colcon_core.package_discovery:discover_packages(path) using defaults
[1.662s] Level 1:colcon.colcon_core.package_discovery:discover_packages(prefix_path) check parameters
[1.662s] Level 1:colcon.colcon_core.package_discovery:discover_packages(prefix_path) discover
[1.689s] DEBUG:colcon.colcon_installed_package_information.package_discovery:Found 274 installed packages in /opt/ros/humble
[1.697s] Level 1:colcon.colcon_core.package_discovery:discover_packages(prefix_path) using defaults
[2.035s] Level 5:colcon.colcon_core.verb:set package 'uav_cpp' build argument 'cmake_args' from command line to 'None'
[2.036s] Level 5:colcon.colcon_core.verb:set package 'uav_cpp' build argument 'cmake_target' from command line to 'None'
[2.036s] Level 5:colcon.colcon_core.verb:set package 'uav_cpp' build argument 'cmake_target_skip_unavailable' from command line to 'False'
[2.036s] Level 5:colcon.colcon_core.verb:set package 'uav_cpp' build argument 'cmake_clean_cache' from command line to 'False'
[2.036s] Level 5:colcon.colcon_core.verb:set package 'uav_cpp' build argument 'cmake_clean_first' from command line to 'False'
[2.036s] Level 5:colcon.colcon_core.verb:set package 'uav_cpp' build argument 'cmake_force_configure' from command line to 'False'
[2.036s] Level 5:colcon.colcon_core.verb:set package 'uav_cpp' build argument 'ament_cmake_args' from command line to 'None'
[2.036s] Level 5:colcon.colcon_core.verb:set package 'uav_cpp' build argument 'catkin_cmake_args' from command line to 'None'
[2.036s] Level 5:colcon.colcon_core.verb:set package 'uav_cpp' build argument 'catkin_skip_building_tests' from command line to 'False'
[2.036s] DEBUG:colcon.colcon_core.verb:Building package 'uav_cpp' with the following arguments: {'ament_cmake_args': None, 'build_base': '/root/STAD_mw/uav_cpp/build/uav_cpp', 'catkin_cmake_args': None, 'catkin_skip_building_tests': False, 'cmake_args': None, 'cmake_clean_cache': False, 'cmake_clean_first': False, 'cmake_force_configure': False, 'cmake_target': None, 'cmake_target_skip_unavailable': False, 'install_base': '/root/STAD_mw/uav_cpp/install/uav_cpp', 'merge_install': False, 'path': '/root/STAD_mw/uav_cpp', 'symlink_install': False, 'test_result_base': None}
[2.037s] INFO:colcon.colcon_core.executor:Executing jobs using 'parallel' executor
[2.040s] DEBUG:colcon.colcon_parallel_executor.executor.parallel:run_until_complete
[2.042s] INFO:colcon.colcon_ros.task.ament_cmake.build:Building ROS package in '/root/STAD_mw/uav_cpp' with build type 'ament_cmake'
[2.042s] INFO:colcon.colcon_cmake.task.cmake.build:Building CMake package in '/root/STAD_mw/uav_cpp'
[2.067s] INFO:colcon.colcon_core.plugin_system:Skipping extension 'colcon_core.shell.bat': Not used on non-Windows systems
[2.067s] INFO:colcon.colcon_core.shell:Skip shell extension 'powershell' for command environment: Not usable outside of PowerShell
[2.068s] DEBUG:colcon.colcon_core.shell:Skip shell extension 'dsv' for command environment
[2.103s] DEBUG:colcon.colcon_core.event_handler.log_command:Invoking command in '/root/STAD_mw/uav_cpp/build/uav_cpp': CMAKE_PREFIX_PATH=/opt/ros/humble /usr/bin/cmake /root/STAD_mw/uav_cpp -DCMAKE_INSTALL_PREFIX=/root/STAD_mw/uav_cpp/install/uav_cpp
[8.965s] DEBUG:colcon.colcon_core.event_handler.log_command:Invoked command in '/root/STAD_mw/uav_cpp/build/uav_cpp' returned '0': CMAKE_PREFIX_PATH=/opt/ros/humble /usr/bin/cmake /root/STAD_mw/uav_cpp -DCMAKE_INSTALL_PREFIX=/root/STAD_mw/uav_cpp/install/uav_cpp
[8.972s] DEBUG:colcon.colcon_core.event_handler.log_command:Invoking command in '/root/STAD_mw/uav_cpp/build/uav_cpp': CMAKE_PREFIX_PATH=/opt/ros/humble /usr/bin/cmake --build /root/STAD_mw/uav_cpp/build/uav_cpp -- -j8 -l8
[39.879s] DEBUG:colcon.colcon_core.event_handler.log_command:Invoked command in '/root/STAD_mw/uav_cpp/build/uav_cpp' returned '0': CMAKE_PREFIX_PATH=/opt/ros/humble /usr/bin/cmake --build /root/STAD_mw/uav_cpp/build/uav_cpp -- -j8 -l8
[39.980s] DEBUG:colcon.colcon_core.event_handler.log_command:Invoking command in '/root/STAD_mw/uav_cpp/build/uav_cpp': CMAKE_PREFIX_PATH=/opt/ros/humble /usr/bin/cmake --install /root/STAD_mw/uav_cpp/build/uav_cpp
[40.032s] Level 1:colcon.colcon_core.environment:create_environment_scripts_only(uav_cpp)
[40.035s] DEBUG:colcon.colcon_core.event_handler.log_command:Invoked command in '/root/STAD_mw/uav_cpp/build/uav_cpp' returned '0': CMAKE_PREFIX_PATH=/opt/ros/humble /usr/bin/cmake --install /root/STAD_mw/uav_cpp/build/uav_cpp
[40.064s] Level 1:colcon.colcon_core.environment:checking '/root/STAD_mw/uav_cpp/install/uav_cpp' for CMake module files
[40.066s] Level 1:colcon.colcon_core.environment:checking '/root/STAD_mw/uav_cpp/install/uav_cpp' for CMake config files
[40.067s] Level 1:colcon.colcon_core.shell:create_environment_hook('uav_cpp', 'cmake_prefix_path')
[40.067s] INFO:colcon.colcon_core.shell:Creating environment hook '/root/STAD_mw/uav_cpp/install/uav_cpp/share/uav_cpp/hook/cmake_prefix_path.ps1'
[40.072s] INFO:colcon.colcon_core.shell:Creating environment descriptor '/root/STAD_mw/uav_cpp/install/uav_cpp/share/uav_cpp/hook/cmake_prefix_path.dsv'
[40.074s] INFO:colcon.colcon_core.shell:Creating environment hook '/root/STAD_mw/uav_cpp/install/uav_cpp/share/uav_cpp/hook/cmake_prefix_path.sh'
[40.079s] Level 1:colcon.colcon_core.environment:checking '/root/STAD_mw/uav_cpp/install/uav_cpp/lib'
[40.079s] Level 1:colcon.colcon_core.environment:checking '/root/STAD_mw/uav_cpp/install/uav_cpp/bin'
[40.079s] Level 1:colcon.colcon_core.environment:checking '/root/STAD_mw/uav_cpp/install/uav_cpp/lib/pkgconfig/uav_cpp.pc'
[40.080s] Level 1:colcon.colcon_core.environment:checking '/root/STAD_mw/uav_cpp/install/uav_cpp/lib/python3.10/site-packages'
[40.081s] Level 1:colcon.colcon_core.environment:checking '/root/STAD_mw/uav_cpp/install/uav_cpp/bin'
[40.081s] INFO:colcon.colcon_core.shell:Creating package script '/root/STAD_mw/uav_cpp/install/uav_cpp/share/uav_cpp/package.ps1'
[40.085s] INFO:colcon.colcon_core.shell:Creating package descriptor '/root/STAD_mw/uav_cpp/install/uav_cpp/share/uav_cpp/package.dsv'
[40.088s] INFO:colcon.colcon_core.shell:Creating package script '/root/STAD_mw/uav_cpp/install/uav_cpp/share/uav_cpp/package.sh'
[40.093s] INFO:colcon.colcon_core.shell:Creating package script '/root/STAD_mw/uav_cpp/install/uav_cpp/share/uav_cpp/package.bash'
[40.100s] INFO:colcon.colcon_core.shell:Creating package script '/root/STAD_mw/uav_cpp/install/uav_cpp/share/uav_cpp/package.zsh'
[40.106s] Level 1:colcon.colcon_core.environment:create_file_with_runtime_dependencies(/root/STAD_mw/uav_cpp/install/uav_cpp/share/colcon-core/packages/uav_cpp)
[40.187s] Level 1:colcon.colcon_core.environment:create_environment_scripts_only(uav_cpp)
[40.188s] Level 1:colcon.colcon_core.environment:checking '/root/STAD_mw/uav_cpp/install/uav_cpp' for CMake module files
[40.190s] Level 1:colcon.colcon_core.environment:checking '/root/STAD_mw/uav_cpp/install/uav_cpp' for CMake config files
[40.190s] Level 1:colcon.colcon_core.shell:create_environment_hook('uav_cpp', 'cmake_prefix_path')
[40.191s] INFO:colcon.colcon_core.shell:Creating environment hook '/root/STAD_mw/uav_cpp/install/uav_cpp/share/uav_cpp/hook/cmake_prefix_path.ps1'
[40.193s] INFO:colcon.colcon_core.shell:Creating environment descriptor '/root/STAD_mw/uav_cpp/install/uav_cpp/share/uav_cpp/hook/cmake_prefix_path.dsv'
[40.195s] INFO:colcon.colcon_core.shell:Creating environment hook '/root/STAD_mw/uav_cpp/install/uav_cpp/share/uav_cpp/hook/cmake_prefix_path.sh'
[40.197s] Level 1:colcon.colcon_core.environment:checking '/root/STAD_mw/uav_cpp/install/uav_cpp/lib'
[40.198s] Level 1:colcon.colcon_core.environment:checking '/root/STAD_mw/uav_cpp/install/uav_cpp/bin'
[40.198s] Level 1:colcon.colcon_core.environment:checking '/root/STAD_mw/uav_cpp/install/uav_cpp/lib/pkgconfig/uav_cpp.pc'
[40.199s] Level 1:colcon.colcon_core.environment:checking '/root/STAD_mw/uav_cpp/install/uav_cpp/lib/python3.10/site-packages'
[40.201s] Level 1:colcon.colcon_core.environment:checking '/root/STAD_mw/uav_cpp/install/uav_cpp/bin'
[40.203s] INFO:colcon.colcon_core.shell:Creating package script '/root/STAD_mw/uav_cpp/install/uav_cpp/share/uav_cpp/package.ps1'
[40.206s] INFO:colcon.colcon_core.shell:Creating package descriptor '/root/STAD_mw/uav_cpp/install/uav_cpp/share/uav_cpp/package.dsv'
[40.207s] INFO:colcon.colcon_core.shell:Creating package script '/root/STAD_mw/uav_cpp/install/uav_cpp/share/uav_cpp/package.sh'
[40.208s] INFO:colcon.colcon_core.shell:Creating package script '/root/STAD_mw/uav_cpp/install/uav_cpp/share/uav_cpp/package.bash'
[40.209s] INFO:colcon.colcon_core.shell:Creating package script '/root/STAD_mw/uav_cpp/install/uav_cpp/share/uav_cpp/package.zsh'
[40.211s] Level 1:colcon.colcon_core.environment:create_file_with_runtime_dependencies(/root/STAD_mw/uav_cpp/install/uav_cpp/share/colcon-core/packages/uav_cpp)
[40.211s] DEBUG:colcon.colcon_parallel_executor.executor.parallel:closing loop
[40.213s] DEBUG:colcon.colcon_parallel_executor.executor.parallel:loop closed
[40.213s] DEBUG:colcon.colcon_parallel_executor.executor.parallel:run_until_complete finished with '0'
[40.214s] DEBUG:colcon.colcon_core.event_reactor:joining thread
[40.275s] INFO:colcon.colcon_core.plugin_system:Skipping extension 'colcon_notification.desktop_notification.notify_send': Could not find 'notify-send'
[40.275s] INFO:colcon.colcon_core.plugin_system:Skipping extension 'colcon_notification.desktop_notification.terminal_notifier': Not used on non-Darwin systems
[40.275s] INFO:colcon.colcon_core.plugin_system:Skipping extension 'colcon_notification.desktop_notification.win32': Not used on non-Windows systems
[40.275s] INFO:colcon.colcon_notification.desktop_notification:Sending desktop notification using 'notify2'
[40.289s] DEBUG:colcon.colcon_notification.desktop_notification.notify2:Failed to initialize notify2: org.freedesktop.DBus.Error.Spawn.ExecFailed: /usr/bin/dbus-launch terminated abnormally without any error message
[40.290s] DEBUG:colcon.colcon_core.event_reactor:joined thread
[40.292s] INFO:colcon.colcon_core.shell:Creating prefix script '/root/STAD_mw/uav_cpp/install/local_setup.ps1'
[40.297s] INFO:colcon.colcon_core.shell:Creating prefix util module '/root/STAD_mw/uav_cpp/install/_local_setup_util_ps1.py'
[40.305s] INFO:colcon.colcon_core.shell:Creating prefix chain script '/root/STAD_mw/uav_cpp/install/setup.ps1'
[40.309s] INFO:colcon.colcon_core.shell:Creating prefix script '/root/STAD_mw/uav_cpp/install/local_setup.sh'
[40.312s] INFO:colcon.colcon_core.shell:Creating prefix util module '/root/STAD_mw/uav_cpp/install/_local_setup_util_sh.py'
[40.314s] INFO:colcon.colcon_core.shell:Creating prefix chain script '/root/STAD_mw/uav_cpp/install/setup.sh'
[40.317s] INFO:colcon.colcon_core.shell:Creating prefix script '/root/STAD_mw/uav_cpp/install/local_setup.bash'
[40.320s] INFO:colcon.colcon_core.shell:Creating prefix chain script '/root/STAD_mw/uav_cpp/install/setup.bash'
[40.326s] INFO:colcon.colcon_core.shell:Creating prefix script '/root/STAD_mw/uav_cpp/install/local_setup.zsh'
[40.328s] INFO:colcon.colcon_core.shell:Creating prefix chain script '/root/STAD_mw/uav_cpp/install/setup.zsh'
